============================= test session starts =============================
platform win32 -- Python 3.10.10, pytest-9.0.2, pluggy-1.6.0 -- C:\Users\deepa\Music\Project\healthbot\backend\venv\Scripts\python.exe
cachedir: .pytest_cache
rootdir: C:\Users\deepa\Music\Project\healthbot\backend
plugins: anyio-4.12.1, asyncio-1.3.0
asyncio: mode=strict, debug=False, asyncio_default_fixture_loop_scope=None, asyncio_default_test_loop_scope=function
collecting ... collected 0 items / 2 errors

=================================== ERRORS ====================================
_____________________ ERROR collecting tests/test_api.py ______________________
ImportError while importing test module 'C:\Users\deepa\Music\Project\healthbot\backend\tests\test_api.py'.
Hint: make sure your test modules/packages have valid Python names.
Traceback:
..\..\..\..\AppData\Local\Programs\Python\Python310\lib\importlib\__init__.py:126: in import_module
    return _bootstrap._gcd_import(name[level:], package, level)
tests\test_api.py:7: in <module>
    from app.main import app
E   ModuleNotFoundError: No module named 'app'
________________ ERROR collecting tests/test_api_refinement.py ________________
ImportError while importing test module 'C:\Users\deepa\Music\Project\healthbot\backend\tests\test_api_refinement.py'.
Hint: make sure your test modules/packages have valid Python names.
Traceback:
..\..\..\..\AppData\Local\Programs\Python\Python310\lib\importlib\__init__.py:126: in import_module
    return _bootstrap._gcd_import(name[level:], package, level)
tests\test_api_refinement.py:3: in <module>
    from app.main import app
E   ModuleNotFoundError: No module named 'app'
=========================== short test summary info ===========================
ERROR tests/test_api.py
ERROR tests/test_api_refinement.py
!!!!!!!!!!!!!!!!!!! Interrupted: 2 errors during collection !!!!!!!!!!!!!!!!!!!
============================== 2 errors in 0.70s ==============================
